2025-12-27 20:47:29,803 - __main__ - INFO - Token value: Token not available!
2025-12-27 21:19:46,407 - __main__ - INFO - Token value: Token not available!
2025-12-27 22:24:54,873 - __main__ - INFO - Token value: Token not available!
2025-12-28 09:33:45,309 - __main__ - INFO - Token value: HIDDEN!
2025-12-28 09:47:04,605 - __main__ - INFO - Token value: HIDDEN!
2025-12-28 09:56:33,830 - __main__ - INFO - Token value: HIDDEN!
2025-12-28 09:56:34,136 - __main__ - INFO - Status code: 400
2025-12-28 10:21:32,571 - __main__ - INFO - Token value: HIDDEN!
2025-12-28 10:21:32,853 - __main__ - INFO - Status code: 400
2025-12-28 10:21:32,853 - __main__ - INFO - URL: <Response [400]>
2025-12-28 15:56:16,891 - __main__ - INFO - Token value: HIDDEN!
2025-12-28 16:23:51,407 - __main__ - INFO - Token value: HIDDEN!
2025-12-28 16:47:40,850 - __main__ - INFO - Token value: HIDDEN!
2025-12-28 17:17:01,986 - __main__ - INFO - Token value: HIDDEN!
2025-12-28 17:41:22,262 - __main__ - INFO - Token value: HIDDEN!
2025-12-28 17:51:36,891 - __main__ - INFO - Token value: HIDDEN!
2025-12-28 18:52:26,753 - __main__ - INFO - Token value: HIDDEN!
2025-12-28 19:15:20,423 - __main__ - INFO - Token value: HIDDEN!
2025-12-28 19:37:25,381 - __main__ - INFO - Token value: HIDDEN!
2025-12-28 19:50:33,545 - __main__ - INFO - Token value: HIDDEN!
2025-12-28 20:39:33,172 - __main__ - INFO - Program started at 2025-12-28 20:39:33.172881
2025-12-28 20:50:43,264 - __main__ - INFO - Program started at 2025-12-28 20:50:43.264226
2025-12-28 20:58:00,383 - __main__ - INFO - Program started at 2025-12-28 20:58:00.383516
2025-12-28 21:27:17,015 - __main__ - INFO - Program started at 2025-12-28 21:27:17.015163
2025-12-28 21:44:29,447 - __main__ - INFO - Program started at 2025-12-28 21:44:29.447109
2025-12-28 21:56:55,926 - __main__ - INFO - Program started at 2025-12-28 21:56:55.926912
2025-12-28 22:30:46,910 - __main__ - INFO - Program started at 2025-12-28 22:30:46.910337
2025-12-28 22:47:52,017 - __main__ - INFO - Program started at 2025-12-28 22:47:52.017918
2025-12-28 22:57:35,610 - __main__ - INFO - Program started at 2025-12-28 22:57:35.610243
